<?xml version="1.0" encoding="UTF-8"?>
<!-- Generated by org.testng.reporters.JUnitXMLReporter -->
<testsuite ignored="0" hostname="MSI" failures="0" tests="4" name="Default test" time="8.459" errors="0" timestamp="2023-12-26T02:31:05 IST">
  <testcase classname="Bhuvanesh.Test.UserTest" name="testPostUser" time="2.85"/>
  <testcase classname="Bhuvanesh.Test.UserTest" name="testgetUser" time="1.215"/>
  <testcase classname="Bhuvanesh.Test.UserTest" name="testPutUser" time="2.405"/>
  <testcase classname="Bhuvanesh.Test.UserTest" name="testdeleteUser" time="1.277"/>
</testsuite> <!-- Default test -->
