<?xml version="1.0" encoding="UTF-8"?>
<!-- Generated by org.testng.reporters.JUnitXMLReporter -->
<testsuite ignored="0" hostname="MSI" failures="0" tests="4" name="PetTest" time="8.534" errors="0" timestamp="2023-12-26T02:31:21 IST">
  <testcase classname="Bhuvanesh.Test.UserTest" name="testPostUser" time="2.788"/>
  <testcase classname="Bhuvanesh.Test.UserTest" name="testgetUser" time="1.287"/>
  <testcase classname="Bhuvanesh.Test.UserTest" name="testPutUser" time="2.385"/>
  <testcase classname="Bhuvanesh.Test.UserTest" name="testdeleteUser" time="1.216"/>
</testsuite> <!-- PetTest -->
