<?xml version="1.0" encoding="UTF-8"?>
<testsuite xmlns:xsi="http://www.w3.org/2001/XMLSchema-instance" xsi:noNamespaceSchemaLocation="https://maven.apache.org/surefire/maven-surefire-plugin/xsd/surefire-test-report-3.0.xsd" version="3.0" name="TestSuite" time="9.057" tests="4" errors="0" skipped="0" failures="0">
  <properties>
[...]
</properties>
  <testcase name="testPostUser" classname="Bhuvanesh.Test.UserTest" time="2.83">
    <system-out><![CDATA[00:52:59.630 [main] INFO  Bhuvanesh.Test.UserTest - create the test user
HTTP/1.1 200 OK
Date: Tue, 26 Dec 2023 19:23:00 GMT
Content-Type: application/json
Transfer-Encoding: chunked
Connection: keep-alive
Access-Control-Allow-Origin: *
Access-Control-Allow-Methods: GET, POST, DELETE, PUT
Access-Control-Allow-Headers: Content-Type, api_key, Authorization
Server: Jetty(9.2.9.v20150224)

{
    "code": 200,
    "type": "unknown",
    "message": "1413730361"
}
]]></system-out>
  </testcase>
  <testcase name="testgetUser" classname="Bhuvanesh.Test.UserTest" time="1.2">
    <system-out><![CDATA[00:53:02.458 [main] ERROR Bhuvanesh.Test.UserTest - Get the test user
gett the username:trent.langoshHTTP/1.1 200 OK
Date: Tue, 26 Dec 2023 19:23:02 GMT
Content-Type: application/json
Transfer-Encoding: chunked
Connection: keep-alive
Access-Control-Allow-Origin: *
Access-Control-Allow-Methods: GET, POST, DELETE, PUT
Access-Control-Allow-Headers: Content-Type, api_key, Authorization
Server: Jetty(9.2.9.v20150224)

{
    "id": 1413730361,
    "username": "trent.langosh",
    "email": "nubia.smith@example.com",
    "password": "9i8k3kt",
    "userStatus": 0
}
]]></system-out>
  </testcase>
  <testcase name="testPutUser" classname="Bhuvanesh.Test.UserTest" time="2.354">
    <system-out><![CDATA[00:53:03.658 [main] INFO  Bhuvanesh.Test.UserTest - Update the test user
HTTP/1.1 200 OK
Date: Tue, 26 Dec 2023 19:23:03 GMT
Content-Type: application/json
Transfer-Encoding: chunked
Connection: keep-alive
Access-Control-Allow-Origin: *
Access-Control-Allow-Methods: GET, POST, DELETE, PUT
Access-Control-Allow-Headers: Content-Type, api_key, Authorization
Server: Jetty(9.2.9.v20150224)

{
    "code": 200,
    "type": "unknown",
    "message": "1413730361"
}
modiffied data:HTTP/1.1 200 OK
Date: Tue, 26 Dec 2023 19:23:04 GMT
Content-Type: application/json
Transfer-Encoding: chunked
Connection: keep-alive
Access-Control-Allow-Origin: *
Access-Control-Allow-Methods: GET, POST, DELETE, PUT
Access-Control-Allow-Headers: Content-Type, api_key, Authorization
Server: Jetty(9.2.9.v20150224)

{
    "id": 1413730361,
    "username": "trent.langosh",
    "email": "bruno.nitzsche@example.com",
    "password": "9i8k3kt",
    "userStatus": 0
}
]]></system-out>
  </testcase>
  <testcase name="testdeleteUser" classname="Bhuvanesh.Test.UserTest" time="1.221">
    <system-out><![CDATA[00:53:06.014 [main] INFO  Bhuvanesh.Test.UserTest - delete the test user
gett the username:trent.langoshHTTP/1.1 200 OK
Date: Tue, 26 Dec 2023 19:23:05 GMT
Content-Type: application/json
Transfer-Encoding: chunked
Connection: keep-alive
Access-Control-Allow-Origin: *
Access-Control-Allow-Methods: GET, POST, DELETE, PUT
Access-Control-Allow-Headers: Content-Type, api_key, Authorization
Server: Jetty(9.2.9.v20150224)

{
    "code": 200,
    "type": "unknown",
    "message": "trent.langosh"
}
]]></system-out>
  </testcase>
</testsuite>