<?xml version="1.0" encoding="UTF-8"?>
<testng-results ignored="0" total="4" passed="4" failed="0" skipped="0">
  <reporter-output>
  </reporter-output>
  <suite started-at="2023-12-27T00:52:58 IST" name="PetSuite" finished-at="2023-12-27T00:53:07 IST" duration-ms="8332">
    <groups>
    </groups>
    <test started-at="2023-12-27T00:52:58 IST" name="PetTest" finished-at="2023-12-27T00:53:07 IST" duration-ms="8332">
      <class name="Bhuvanesh.Test.UserTest">
        <test-method is-config="true" signature="setup()[pri:0, instance:Bhuvanesh.Test.UserTest@10feca44]" started-at="2023-12-27T00:52:59 IST" name="setup" finished-at="2023-12-27T00:52:59 IST" duration-ms="533" status="PASS">
          <reporter-output>
          </reporter-output>
        </test-method> <!-- setup -->
        <test-method signature="testPostUser()[pri:1, instance:Bhuvanesh.Test.UserTest@10feca44]" started-at="2023-12-27T00:52:59 IST" name="testPostUser" finished-at="2023-12-27T00:53:02 IST" duration-ms="2825" status="PASS">
          <reporter-output>
          </reporter-output>
        </test-method> <!-- testPostUser -->
        <test-method signature="testgetUser()[pri:2, instance:Bhuvanesh.Test.UserTest@10feca44]" started-at="2023-12-27T00:53:02 IST" name="testgetUser" finished-at="2023-12-27T00:53:03 IST" duration-ms="1197" status="PASS">
          <reporter-output>
          </reporter-output>
        </test-method> <!-- testgetUser -->
        <test-method signature="testPutUser()[pri:3, instance:Bhuvanesh.Test.UserTest@10feca44]" started-at="2023-12-27T00:53:03 IST" name="testPutUser" finished-at="2023-12-27T00:53:06 IST" duration-ms="2354" status="PASS">
          <reporter-output>
          </reporter-output>
        </test-method> <!-- testPutUser -->
        <test-method signature="testdeleteUser()[pri:4, instance:Bhuvanesh.Test.UserTest@10feca44]" started-at="2023-12-27T00:53:06 IST" name="testdeleteUser" finished-at="2023-12-27T00:53:07 IST" duration-ms="1219" status="PASS">
          <reporter-output>
          </reporter-output>
        </test-method> <!-- testdeleteUser -->
      </class> <!-- Bhuvanesh.Test.UserTest -->
    </test> <!-- PetTest -->
  </suite> <!-- PetSuite -->
</testng-results>
