<?xml version="1.0" encoding="UTF-8"?>
<testng-results ignored="0" total="2" passed="2" failed="0" skipped="0">
  <reporter-output>
  </reporter-output>
  <suite started-at="2023-12-27T16:46:23 IST" name="Default suite" finished-at="2023-12-27T16:46:33 IST" duration-ms="9550">
    <groups>
    </groups>
    <test started-at="2023-12-27T16:46:23 IST" name="Default test" finished-at="2023-12-27T16:46:33 IST" duration-ms="9550">
      <class name="Bhuvanesh.Test.PetTest">
        <test-method signature="testcreateAPet()[pri:1, instance:Bhuvanesh.Test.PetTest@5d0a1059]" started-at="2023-12-27T16:46:23 IST" name="testcreateAPet" finished-at="2023-12-27T16:46:26 IST" duration-ms="2805" status="PASS">
          <reporter-output>
          </reporter-output>
        </test-method> <!-- testcreateAPet -->
        <test-method signature="UploadImagetoPet()[pri:2, instance:Bhuvanesh.Test.PetTest@5d0a1059]" started-at="2023-12-27T16:46:26 IST" name="UploadImagetoPet" finished-at="2023-12-27T16:46:33 IST" duration-ms="6657" status="PASS">
          <reporter-output>
          </reporter-output>
        </test-method> <!-- UploadImagetoPet -->
      </class> <!-- Bhuvanesh.Test.PetTest -->
    </test> <!-- Default test -->
  </suite> <!-- Default suite -->
</testng-results>
