<?xml version="1.0" encoding="UTF-8"?>
<!-- Generated by org.testng.reporters.JUnitXMLReporter -->
<testsuite ignored="0" hostname="MSI" failures="0" tests="4" name="PetTest" time="8.332" errors="0" timestamp="2023-12-27T00:53:07 IST">
  <testcase classname="Bhuvanesh.Test.UserTest" name="testPostUser" time="2.825"/>
  <testcase classname="Bhuvanesh.Test.UserTest" name="testgetUser" time="1.197"/>
  <testcase classname="Bhuvanesh.Test.UserTest" name="testPutUser" time="2.354"/>
  <testcase classname="Bhuvanesh.Test.UserTest" name="testdeleteUser" time="1.219"/>
</testsuite> <!-- PetTest -->
